<?xml version="1.0" encoding="ISO-8859-1" ?>
<!DOCTYPE html PUBLIC "-//W3C//DTD XHTML 1.0 Strict//EN"
"http://www.w3.org/TR/xhtml1/DTD/xhtml1-strict.dtd">
<html xmlns="http://www.w3.org/1999/xhtml" xml:lang="en" lang="en">
<head>
  <meta http-equiv="Content-Type" content="text/html;charset=utf-8" />
  <meta name="description" content="TestNG unit test results." />
  <link href="css/bootstrap.min.css" rel="stylesheet" />
  <link href="css/reportngClass.css" rel="stylesheet" />
  <script type="text/javascript" src="js/reportngClass.js"></script>
  <script type="text/javascript" src="js/jquery-1.4.4.min.js"></script> 
  <script type="text/javascript" src="js/jquery.tablesorter.min.js"></script>
  <script type="text/javascript" src="js/json-min.js"></script>
  <script type="text/javascript">
	$(document).ready(function(){
		$('.tablesorter').tablesorter({sortList: [[0,0]]});
	});
  </script>
</head>
<body onload="doParse(); return false;" onkeypress="collapseExpand();">
<div class="well well-large">
	<b>Test Info</>
	<table class="table">
	  <tr>
	    <th>Test Name : </th>
	    <th>
	    	<div class="tooltipCustom">
	    		<img src="images/copy.png" width="10" height="15" alt="Copy to Clipboard" onclick="copyToClipboard('#testNameId')"/>
	    		<span class="tooltiptextCustom">Copy Test name</span>
			</div>
	    </th>
	    <th id="testNameId">Listener testing</th> 
	  </tr>
	  <tr>
	    <th>Test Class : </th>
	    <th>
	    	<div class="tooltipCustom">
	    		<img src="images/copy.png" width="10" height="15" alt="Copy to Clipboard" onclick="copyToClipboard('#testClassId')"/>
	    		<span class="tooltiptextCustom">Copy full path Class name</span>
			</div>
	    	<div class="tooltipCustom">
	    		<img src="images/copy.png" width="10" height="15" alt="Copy to Clipboard" onclick="copyToClipboard('#testClassNameId')"/>
	    		<span class="tooltiptextCustom">Copy Class name</span>
			</div>
	    </th> 
	    <th id="testClassId">commondatasetup.Listeners<br>ui.GroupsTest<br></th>
	    <th id="testClassNameId" hidden="true">Listeners<br>GroupsTest<br></th>
	  </tr>
	  <tr>
	    <th>Suite Name : </th>
	    <th>
	    	<div class="tooltipCustom">
	    		<img src="images/copy.png" width="10" height="15" alt="Copy to Clipboard" onclick="copyToClipboard('#suiteNameId')"/>
	    		<span class="tooltiptextCustom">Copy Suite name</span>
			</div>
		</th>
	    <th id="suiteNameId">Listener Test Suite</th>
	  </tr>
	  <tr>
	    <th>Suite XML : </th>
	    <th>
	    	<div class="tooltipCustom">
	    		<img src="images/copy.png" width="10" height="15" alt="Copy to Clipboard" onclick="copyToClipboard('#suiteXMLId')"/>
	    		<span class="tooltiptextCustom">Copy Suite full path name</span>
			</div>
	    	<div class="tooltipCustom">
	    		<img src="images/copy.png" width="10" height="15" alt="Copy to Clipboard" onclick="copyToClipboard('#suiteXMLNameId')"/>
	    		<span class="tooltiptextCustom">Copy Suite file name</span>
			</div>
	    </th> 
	  	<th id="suiteXMLId">C:\Users\sokoeurn chhay\Selenium_Java_Review\webportal-TestNG\ReportGenerate.xml</th>
	  	<th id="suiteXMLNameId" hidden="true">ReportGenerate.xml</th>
	  </tr>
	  	  <tr>
	    <th>Total Time : </th>
	    <th></th>
	    <th>00:00:00</th> 
	  </tr>
	  <tr>
	    <th>Total Steps : </th>
	   	<th></th>
	    <th>11</th> 
	  </tr>
	  <tr>
	    <th>Status : </th>
	    <th></th>
	    <th><font color="red">FAIL</font></th> 
	  </tr>
	</table>
</div>
<div class="well well-large">
	<div class="row">
		<div class="col-xs-12">
	        <div class="text-right">
	            <button id="hideResults" type="button" class="btn-danger" onclick="collapseExpand(this);" onkeypress="collapseExpand(this);" class="btn pull-right" title="Click or Press Any key to collapse/expand All Failed Tests and Configuration Methods">Show Only Failures</button>
	        </div>
	    </div>
	</div>
	<table class="tablesorter" border="1">
		<thead>
		<tr>
		<th class="headerTime">Time</th>
		<th class="headerTime" width="12%">Info</th>
		<th class="headerTime" width="88%">Test</th>
		</tr>
		</thead>
		<tbody>
		
				
				
																
											<tr>
	<td class="time">1654992192097</td>
	<td class="header failed" colspan="4" onClick="toggleElement('9dc63c8b-7431-4bfd-8c3f-b1c4bbe16707','block');changeSingleIcon('span-9dc63c8b-7431-4bfd-8c3f-b1c4bbe16707');" title="Click to expand/collapse" style="cursor: pointer;">
	<div style="float:left;"><i>Class&nbsp;:&nbsp;</i>ui.GroupsTest</div>
	<div style="float:right;">&nbsp;&nbsp;<span id='span-9dc63c8b-7431-4bfd-8c3f-b1c4bbe16707' class="glyphicon glyphicon-menu-down"></span></div>
	</td>
	</tr>
<tr>
	<td class="time">1654992192097</td>
	<td class="methodTest">
		<span class="description"><b>Method: </b>onTestStart</span><br>
						<span class="description"><b>Groups: </b><font color='green'>user-registration</font></span><br>
				<span class="duration"><b>Duration: </b>0.000s</span><br>
	</td>
	<td class="result">
						<div class="noCollapse" id="9dc63c8b-7431-4bfd-8c3f-b1c4bbe16707" style="display: block;">
						<a href="javascript:toggleElement('exception-9dc63c8b-7431-4bfd-8c3f-b1c4bbe16707','block')" title="Click to expand/collapse"><b>org.testng.TestNGException: <br/>
Cannot inject @Test annotated Method [onTestStart] with [interface org.testng.ITestResult].<br/>
For more information on native dependency injection please refer to https://testng.org/doc/documentation-main.html#native-dependency-injection</b></a><br/>
		<div class="stackTrace" id="exception-9dc63c8b-7431-4bfd-8c3f-b1c4bbe16707">
					org.testng.internal.Parameters.checkParameterTypes(Parameters.java:439)<br/>
					org.testng.internal.Parameters.createParametersForMethod(Parameters.java:353)<br/>
					org.testng.internal.Parameters.createParameters(Parameters.java:708)<br/>
					org.testng.internal.Parameters.handleParameters(Parameters.java:884)<br/>
					org.testng.internal.Parameters.handleParameters(Parameters.java:740)<br/>
					org.testng.internal.ParameterHandler.handleParameters(ParameterHandler.java:59)<br/>
					org.testng.internal.ParameterHandler.createParameters(ParameterHandler.java:38)<br/>
					org.testng.internal.TestInvoker$MethodInvocationAgent.invoke(TestInvoker.java:791)<br/>
					org.testng.internal.TestInvoker.invokeTestMethods(TestInvoker.java:146)<br/>
					org.testng.internal.TestMethodWorker.invokeTestMethods(TestMethodWorker.java:146)<br/>
					org.testng.internal.TestMethodWorker.run(TestMethodWorker.java:128)<br/>
					java.util.ArrayList.forEach(ArrayList.java:1259)<br/>
					org.testng.TestRunner.privateRun(TestRunner.java:794)<br/>
					org.testng.TestRunner.run(TestRunner.java:596)<br/>
					org.testng.SuiteRunner.runTest(SuiteRunner.java:377)<br/>
					org.testng.SuiteRunner.runSequentially(SuiteRunner.java:371)<br/>
					org.testng.SuiteRunner.privateRun(SuiteRunner.java:332)<br/>
					org.testng.SuiteRunner.run(SuiteRunner.java:276)<br/>
					org.testng.SuiteRunnerWorker.runSuite(SuiteRunnerWorker.java:53)<br/>
					org.testng.SuiteRunnerWorker.run(SuiteRunnerWorker.java:96)<br/>
					org.testng.TestNG.runSuitesSequentially(TestNG.java:1212)<br/>
					org.testng.TestNG.runSuitesLocally(TestNG.java:1134)<br/>
					org.testng.TestNG.runSuites(TestNG.java:1063)<br/>
					org.testng.TestNG.run(TestNG.java:1031)<br/>
					org.testng.remote.AbstractRemoteTestNG.run(AbstractRemoteTestNG.java:115)<br/>
					org.testng.remote.RemoteTestNG.initAndRun(RemoteTestNG.java:251)<br/>
					org.testng.remote.RemoteTestNG.main(RemoteTestNG.java:77)<br/>
						</div>
		</td>
	</div>
</tr>
					<tr>
	<td class="time">1654992192066</td>
	<td class="header failed" colspan="4" onClick="toggleElement('5478ad57-4c4e-4c5b-8646-51a5b0a51a9e','block');changeSingleIcon('span-5478ad57-4c4e-4c5b-8646-51a5b0a51a9e');" title="Click to expand/collapse" style="cursor: pointer;">
	<div style="float:left;"><i>Class&nbsp;:&nbsp;</i>ui.GroupsTest</div>
	<div style="float:right;">&nbsp;&nbsp;<span id='span-5478ad57-4c4e-4c5b-8646-51a5b0a51a9e' class="glyphicon glyphicon-menu-down"></span></div>
	</td>
	</tr>
<tr>
	<td class="time">1654992192066</td>
	<td class="methodTest">
		<span class="description"><b>Method: </b>onTestSkipped</span><br>
						<span class="description"><b>Groups: </b><font color='green'>user-registration</font></span><br>
				<span class="duration"><b>Duration: </b>0.000s</span><br>
	</td>
	<td class="result">
						<div class="noCollapse" id="5478ad57-4c4e-4c5b-8646-51a5b0a51a9e" style="display: block;">
						<a href="javascript:toggleElement('exception-5478ad57-4c4e-4c5b-8646-51a5b0a51a9e','block')" title="Click to expand/collapse"><b>org.testng.TestNGException: <br/>
Cannot inject @Test annotated Method [onTestSkipped] with [interface org.testng.ITestResult].<br/>
For more information on native dependency injection please refer to https://testng.org/doc/documentation-main.html#native-dependency-injection</b></a><br/>
		<div class="stackTrace" id="exception-5478ad57-4c4e-4c5b-8646-51a5b0a51a9e">
					org.testng.internal.Parameters.checkParameterTypes(Parameters.java:439)<br/>
					org.testng.internal.Parameters.createParametersForMethod(Parameters.java:353)<br/>
					org.testng.internal.Parameters.createParameters(Parameters.java:708)<br/>
					org.testng.internal.Parameters.handleParameters(Parameters.java:884)<br/>
					org.testng.internal.Parameters.handleParameters(Parameters.java:740)<br/>
					org.testng.internal.ParameterHandler.handleParameters(ParameterHandler.java:59)<br/>
					org.testng.internal.ParameterHandler.createParameters(ParameterHandler.java:38)<br/>
					org.testng.internal.TestInvoker$MethodInvocationAgent.invoke(TestInvoker.java:791)<br/>
					org.testng.internal.TestInvoker.invokeTestMethods(TestInvoker.java:146)<br/>
					org.testng.internal.TestMethodWorker.invokeTestMethods(TestMethodWorker.java:146)<br/>
					org.testng.internal.TestMethodWorker.run(TestMethodWorker.java:128)<br/>
					java.util.ArrayList.forEach(ArrayList.java:1259)<br/>
					org.testng.TestRunner.privateRun(TestRunner.java:794)<br/>
					org.testng.TestRunner.run(TestRunner.java:596)<br/>
					org.testng.SuiteRunner.runTest(SuiteRunner.java:377)<br/>
					org.testng.SuiteRunner.runSequentially(SuiteRunner.java:371)<br/>
					org.testng.SuiteRunner.privateRun(SuiteRunner.java:332)<br/>
					org.testng.SuiteRunner.run(SuiteRunner.java:276)<br/>
					org.testng.SuiteRunnerWorker.runSuite(SuiteRunnerWorker.java:53)<br/>
					org.testng.SuiteRunnerWorker.run(SuiteRunnerWorker.java:96)<br/>
					org.testng.TestNG.runSuitesSequentially(TestNG.java:1212)<br/>
					org.testng.TestNG.runSuitesLocally(TestNG.java:1134)<br/>
					org.testng.TestNG.runSuites(TestNG.java:1063)<br/>
					org.testng.TestNG.run(TestNG.java:1031)<br/>
					org.testng.remote.AbstractRemoteTestNG.run(AbstractRemoteTestNG.java:115)<br/>
					org.testng.remote.RemoteTestNG.initAndRun(RemoteTestNG.java:251)<br/>
					org.testng.remote.RemoteTestNG.main(RemoteTestNG.java:77)<br/>
						</div>
		</td>
	</div>
</tr>
					<tr>
	<td class="time">1654992192134</td>
	<td class="header failed" colspan="4" onClick="toggleElement('0597b1bd-2a89-4c72-a0bf-308a7a34bd01','block');changeSingleIcon('span-0597b1bd-2a89-4c72-a0bf-308a7a34bd01');" title="Click to expand/collapse" style="cursor: pointer;">
	<div style="float:left;"><i>Class&nbsp;:&nbsp;</i>ui.GroupsTest</div>
	<div style="float:right;">&nbsp;&nbsp;<span id='span-0597b1bd-2a89-4c72-a0bf-308a7a34bd01' class="glyphicon glyphicon-menu-down"></span></div>
	</td>
	</tr>
<tr>
	<td class="time">1654992192134</td>
	<td class="methodTest">
		<span class="description"><b>Method: </b>onTestSuccess</span><br>
						<span class="description"><b>Groups: </b><font color='green'>user-registration</font></span><br>
				<span class="duration"><b>Duration: </b>0.000s</span><br>
	</td>
	<td class="result">
						<div class="noCollapse" id="0597b1bd-2a89-4c72-a0bf-308a7a34bd01" style="display: block;">
						<a href="javascript:toggleElement('exception-0597b1bd-2a89-4c72-a0bf-308a7a34bd01','block')" title="Click to expand/collapse"><b>org.testng.TestNGException: <br/>
Cannot inject @Test annotated Method [onTestSuccess] with [interface org.testng.ITestResult].<br/>
For more information on native dependency injection please refer to https://testng.org/doc/documentation-main.html#native-dependency-injection</b></a><br/>
		<div class="stackTrace" id="exception-0597b1bd-2a89-4c72-a0bf-308a7a34bd01">
					org.testng.internal.Parameters.checkParameterTypes(Parameters.java:439)<br/>
					org.testng.internal.Parameters.createParametersForMethod(Parameters.java:353)<br/>
					org.testng.internal.Parameters.createParameters(Parameters.java:708)<br/>
					org.testng.internal.Parameters.handleParameters(Parameters.java:884)<br/>
					org.testng.internal.Parameters.handleParameters(Parameters.java:740)<br/>
					org.testng.internal.ParameterHandler.handleParameters(ParameterHandler.java:59)<br/>
					org.testng.internal.ParameterHandler.createParameters(ParameterHandler.java:38)<br/>
					org.testng.internal.TestInvoker$MethodInvocationAgent.invoke(TestInvoker.java:791)<br/>
					org.testng.internal.TestInvoker.invokeTestMethods(TestInvoker.java:146)<br/>
					org.testng.internal.TestMethodWorker.invokeTestMethods(TestMethodWorker.java:146)<br/>
					org.testng.internal.TestMethodWorker.run(TestMethodWorker.java:128)<br/>
					java.util.ArrayList.forEach(ArrayList.java:1259)<br/>
					org.testng.TestRunner.privateRun(TestRunner.java:794)<br/>
					org.testng.TestRunner.run(TestRunner.java:596)<br/>
					org.testng.SuiteRunner.runTest(SuiteRunner.java:377)<br/>
					org.testng.SuiteRunner.runSequentially(SuiteRunner.java:371)<br/>
					org.testng.SuiteRunner.privateRun(SuiteRunner.java:332)<br/>
					org.testng.SuiteRunner.run(SuiteRunner.java:276)<br/>
					org.testng.SuiteRunnerWorker.runSuite(SuiteRunnerWorker.java:53)<br/>
					org.testng.SuiteRunnerWorker.run(SuiteRunnerWorker.java:96)<br/>
					org.testng.TestNG.runSuitesSequentially(TestNG.java:1212)<br/>
					org.testng.TestNG.runSuitesLocally(TestNG.java:1134)<br/>
					org.testng.TestNG.runSuites(TestNG.java:1063)<br/>
					org.testng.TestNG.run(TestNG.java:1031)<br/>
					org.testng.remote.AbstractRemoteTestNG.run(AbstractRemoteTestNG.java:115)<br/>
					org.testng.remote.RemoteTestNG.initAndRun(RemoteTestNG.java:251)<br/>
					org.testng.remote.RemoteTestNG.main(RemoteTestNG.java:77)<br/>
						</div>
		</td>
	</div>
</tr>
					<tr>
	<td class="time">1654992192015</td>
	<td class="header failed" colspan="4" onClick="toggleElement('8c6ac936-e85b-45d9-8f9e-2d19fca40be2','block');changeSingleIcon('span-8c6ac936-e85b-45d9-8f9e-2d19fca40be2');" title="Click to expand/collapse" style="cursor: pointer;">
	<div style="float:left;"><i>Class&nbsp;:&nbsp;</i>ui.GroupsTest</div>
	<div style="float:right;">&nbsp;&nbsp;<span id='span-8c6ac936-e85b-45d9-8f9e-2d19fca40be2' class="glyphicon glyphicon-menu-down"></span></div>
	</td>
	</tr>
<tr>
	<td class="time">1654992192015</td>
	<td class="methodTest">
		<span class="description"><b>Method: </b>onTestFailure</span><br>
						<span class="description"><b>Groups: </b><font color='green'>user-registration</font></span><br>
				<span class="duration"><b>Duration: </b>0.000s</span><br>
	</td>
	<td class="result">
						<div class="noCollapse" id="8c6ac936-e85b-45d9-8f9e-2d19fca40be2" style="display: block;">
						<a href="javascript:toggleElement('exception-8c6ac936-e85b-45d9-8f9e-2d19fca40be2','block')" title="Click to expand/collapse"><b>org.testng.TestNGException: <br/>
Cannot inject @Test annotated Method [onTestFailure] with [interface org.testng.ITestResult].<br/>
For more information on native dependency injection please refer to https://testng.org/doc/documentation-main.html#native-dependency-injection</b></a><br/>
		<div class="stackTrace" id="exception-8c6ac936-e85b-45d9-8f9e-2d19fca40be2">
					org.testng.internal.Parameters.checkParameterTypes(Parameters.java:439)<br/>
					org.testng.internal.Parameters.createParametersForMethod(Parameters.java:353)<br/>
					org.testng.internal.Parameters.createParameters(Parameters.java:708)<br/>
					org.testng.internal.Parameters.handleParameters(Parameters.java:884)<br/>
					org.testng.internal.Parameters.handleParameters(Parameters.java:740)<br/>
					org.testng.internal.ParameterHandler.handleParameters(ParameterHandler.java:59)<br/>
					org.testng.internal.ParameterHandler.createParameters(ParameterHandler.java:38)<br/>
					org.testng.internal.TestInvoker$MethodInvocationAgent.invoke(TestInvoker.java:791)<br/>
					org.testng.internal.TestInvoker.invokeTestMethods(TestInvoker.java:146)<br/>
					org.testng.internal.TestMethodWorker.invokeTestMethods(TestMethodWorker.java:146)<br/>
					org.testng.internal.TestMethodWorker.run(TestMethodWorker.java:128)<br/>
					java.util.ArrayList.forEach(ArrayList.java:1259)<br/>
					org.testng.TestRunner.privateRun(TestRunner.java:794)<br/>
					org.testng.TestRunner.run(TestRunner.java:596)<br/>
					org.testng.SuiteRunner.runTest(SuiteRunner.java:377)<br/>
					org.testng.SuiteRunner.runSequentially(SuiteRunner.java:371)<br/>
					org.testng.SuiteRunner.privateRun(SuiteRunner.java:332)<br/>
					org.testng.SuiteRunner.run(SuiteRunner.java:276)<br/>
					org.testng.SuiteRunnerWorker.runSuite(SuiteRunnerWorker.java:53)<br/>
					org.testng.SuiteRunnerWorker.run(SuiteRunnerWorker.java:96)<br/>
					org.testng.TestNG.runSuitesSequentially(TestNG.java:1212)<br/>
					org.testng.TestNG.runSuitesLocally(TestNG.java:1134)<br/>
					org.testng.TestNG.runSuites(TestNG.java:1063)<br/>
					org.testng.TestNG.run(TestNG.java:1031)<br/>
					org.testng.remote.AbstractRemoteTestNG.run(AbstractRemoteTestNG.java:115)<br/>
					org.testng.remote.RemoteTestNG.initAndRun(RemoteTestNG.java:251)<br/>
					org.testng.remote.RemoteTestNG.main(RemoteTestNG.java:77)<br/>
						</div>
		</td>
	</div>
</tr>
					<tr>
	<td class="time">1654992192171</td>
	<td class="header failed" colspan="4" onClick="toggleElement('e645b8ac-61cf-4bb7-86d3-894ac64cc3c6','block');changeSingleIcon('span-e645b8ac-61cf-4bb7-86d3-894ac64cc3c6');" title="Click to expand/collapse" style="cursor: pointer;">
	<div style="float:left;"><i>Class&nbsp;:&nbsp;</i>ui.GroupsTest</div>
	<div style="float:right;">@Test &nbsp;&nbsp;<span id='span-e645b8ac-61cf-4bb7-86d3-894ac64cc3c6' class="glyphicon glyphicon-menu-down"></span></div>
	</td>
	</tr>
<tr>
	<td class="time">1654992192171</td>
	<td class="methodTest">
		<span class="description"><b>Method: </b>Test1</span><br>
			<span class="description"><b>Description: </b>it is the first login test</span><br>
				<span class="description"><b>Priority: </b><font color='blue'>2</font></span><br>
					<span class="description"><b>Groups: </b><font color='green'>user-registration,regression</font></span><br>
				<span class="duration"><b>Duration: </b>0.003s</span><br>
	</td>
	<td class="result">
						<div class="noCollapse" id="e645b8ac-61cf-4bb7-86d3-894ac64cc3c6" style="display: block;">
												My method name is - Test1
												<a href="C:\Users\sokoeurn chhay\Selenium_Java_Review\webportal-TestNG\ebayscreenshot\Sat-Jun-11-11-43-31-CDT-2022.png">Test Results</a>
									<a href="javascript:toggleElement('exception-e645b8ac-61cf-4bb7-86d3-894ac64cc3c6','block')" title="Click to expand/collapse"><b>java.lang.AssertionError: this is not I am looking for expected [true] but found [false]</b></a><br/>
		<div class="stackTrace" id="exception-e645b8ac-61cf-4bb7-86d3-894ac64cc3c6">
					org.testng.Assert.fail(Assert.java:99)<br/>
					org.testng.Assert.failNotEquals(Assert.java:1037)<br/>
					org.testng.Assert.assertTrue(Assert.java:45)<br/>
					ui.GroupsTest.Test1(GroupsTest.java:39)<br/>
					sun.reflect.NativeMethodAccessorImpl.invoke0(Native Method)<br/>
					sun.reflect.NativeMethodAccessorImpl.invoke(NativeMethodAccessorImpl.java:62)<br/>
					sun.reflect.DelegatingMethodAccessorImpl.invoke(DelegatingMethodAccessorImpl.java:43)<br/>
					java.lang.reflect.Method.invoke(Method.java:498)<br/>
					org.testng.internal.MethodInvocationHelper.invokeMethod(MethodInvocationHelper.java:133)<br/>
					org.testng.internal.TestInvoker.invokeMethod(TestInvoker.java:598)<br/>
					org.testng.internal.TestInvoker.invokeTestMethod(TestInvoker.java:173)<br/>
					org.testng.internal.MethodRunner.runInSequence(MethodRunner.java:46)<br/>
					org.testng.internal.TestInvoker$MethodInvocationAgent.invoke(TestInvoker.java:824)<br/>
					org.testng.internal.TestInvoker.invokeTestMethods(TestInvoker.java:146)<br/>
					org.testng.internal.TestMethodWorker.invokeTestMethods(TestMethodWorker.java:146)<br/>
					org.testng.internal.TestMethodWorker.run(TestMethodWorker.java:128)<br/>
					java.util.ArrayList.forEach(ArrayList.java:1259)<br/>
					org.testng.TestRunner.privateRun(TestRunner.java:794)<br/>
					org.testng.TestRunner.run(TestRunner.java:596)<br/>
					org.testng.SuiteRunner.runTest(SuiteRunner.java:377)<br/>
					org.testng.SuiteRunner.runSequentially(SuiteRunner.java:371)<br/>
					org.testng.SuiteRunner.privateRun(SuiteRunner.java:332)<br/>
					org.testng.SuiteRunner.run(SuiteRunner.java:276)<br/>
					org.testng.SuiteRunnerWorker.runSuite(SuiteRunnerWorker.java:53)<br/>
					org.testng.SuiteRunnerWorker.run(SuiteRunnerWorker.java:96)<br/>
					org.testng.TestNG.runSuitesSequentially(TestNG.java:1212)<br/>
					org.testng.TestNG.runSuitesLocally(TestNG.java:1134)<br/>
					org.testng.TestNG.runSuites(TestNG.java:1063)<br/>
					org.testng.TestNG.run(TestNG.java:1031)<br/>
					org.testng.remote.AbstractRemoteTestNG.run(AbstractRemoteTestNG.java:115)<br/>
					org.testng.remote.RemoteTestNG.initAndRun(RemoteTestNG.java:251)<br/>
					org.testng.remote.RemoteTestNG.main(RemoteTestNG.java:77)<br/>
						</div>
		</td>
	</div>
</tr>
					<tr>
	<td class="time">1654992191929</td>
	<td class="header failed" colspan="4" onClick="toggleElement('916936cc-a697-4d84-9107-d616ad4c0f9a','block');changeSingleIcon('span-916936cc-a697-4d84-9107-d616ad4c0f9a');" title="Click to expand/collapse" style="cursor: pointer;">
	<div style="float:left;"><i>Class&nbsp;:&nbsp;</i>ui.GroupsTest</div>
	<div style="float:right;">&nbsp;&nbsp;<span id='span-916936cc-a697-4d84-9107-d616ad4c0f9a' class="glyphicon glyphicon-menu-down"></span></div>
	</td>
	</tr>
<tr>
	<td class="time">1654992191929</td>
	<td class="methodTest">
		<span class="description"><b>Method: </b>onTestFailedButWithinSuccessPercentage</span><br>
						<span class="description"><b>Groups: </b><font color='green'>user-registration</font></span><br>
				<span class="duration"><b>Duration: </b>0.000s</span><br>
	</td>
	<td class="result">
						<div class="noCollapse" id="916936cc-a697-4d84-9107-d616ad4c0f9a" style="display: block;">
						<a href="javascript:toggleElement('exception-916936cc-a697-4d84-9107-d616ad4c0f9a','block')" title="Click to expand/collapse"><b>org.testng.TestNGException: <br/>
Cannot inject @Test annotated Method [onTestFailedButWithinSuccessPercentage] with [interface org.testng.ITestResult].<br/>
For more information on native dependency injection please refer to https://testng.org/doc/documentation-main.html#native-dependency-injection</b></a><br/>
		<div class="stackTrace" id="exception-916936cc-a697-4d84-9107-d616ad4c0f9a">
					org.testng.internal.Parameters.checkParameterTypes(Parameters.java:439)<br/>
					org.testng.internal.Parameters.createParametersForMethod(Parameters.java:353)<br/>
					org.testng.internal.Parameters.createParameters(Parameters.java:708)<br/>
					org.testng.internal.Parameters.handleParameters(Parameters.java:884)<br/>
					org.testng.internal.Parameters.handleParameters(Parameters.java:740)<br/>
					org.testng.internal.ParameterHandler.handleParameters(ParameterHandler.java:59)<br/>
					org.testng.internal.ParameterHandler.createParameters(ParameterHandler.java:38)<br/>
					org.testng.internal.TestInvoker$MethodInvocationAgent.invoke(TestInvoker.java:791)<br/>
					org.testng.internal.TestInvoker.invokeTestMethods(TestInvoker.java:146)<br/>
					org.testng.internal.TestMethodWorker.invokeTestMethods(TestMethodWorker.java:146)<br/>
					org.testng.internal.TestMethodWorker.run(TestMethodWorker.java:128)<br/>
					java.util.ArrayList.forEach(ArrayList.java:1259)<br/>
					org.testng.TestRunner.privateRun(TestRunner.java:794)<br/>
					org.testng.TestRunner.run(TestRunner.java:596)<br/>
					org.testng.SuiteRunner.runTest(SuiteRunner.java:377)<br/>
					org.testng.SuiteRunner.runSequentially(SuiteRunner.java:371)<br/>
					org.testng.SuiteRunner.privateRun(SuiteRunner.java:332)<br/>
					org.testng.SuiteRunner.run(SuiteRunner.java:276)<br/>
					org.testng.SuiteRunnerWorker.runSuite(SuiteRunnerWorker.java:53)<br/>
					org.testng.SuiteRunnerWorker.run(SuiteRunnerWorker.java:96)<br/>
					org.testng.TestNG.runSuitesSequentially(TestNG.java:1212)<br/>
					org.testng.TestNG.runSuitesLocally(TestNG.java:1134)<br/>
					org.testng.TestNG.runSuites(TestNG.java:1063)<br/>
					org.testng.TestNG.run(TestNG.java:1031)<br/>
					org.testng.remote.AbstractRemoteTestNG.run(AbstractRemoteTestNG.java:115)<br/>
					org.testng.remote.RemoteTestNG.initAndRun(RemoteTestNG.java:251)<br/>
					org.testng.remote.RemoteTestNG.main(RemoteTestNG.java:77)<br/>
						</div>
		</td>
	</div>
</tr>
					<tr>
	<td class="time">1654992191974</td>
	<td class="header failed" colspan="4" onClick="toggleElement('e843f8b9-d543-4215-a9fb-9b3efde6855e','block');changeSingleIcon('span-e843f8b9-d543-4215-a9fb-9b3efde6855e');" title="Click to expand/collapse" style="cursor: pointer;">
	<div style="float:left;"><i>Class&nbsp;:&nbsp;</i>ui.GroupsTest</div>
	<div style="float:right;">&nbsp;&nbsp;<span id='span-e843f8b9-d543-4215-a9fb-9b3efde6855e' class="glyphicon glyphicon-menu-down"></span></div>
	</td>
	</tr>
<tr>
	<td class="time">1654992191974</td>
	<td class="methodTest">
		<span class="description"><b>Method: </b>onTestFailedWithTimeout</span><br>
						<span class="description"><b>Groups: </b><font color='green'>user-registration</font></span><br>
				<span class="duration"><b>Duration: </b>0.000s</span><br>
	</td>
	<td class="result">
						<div class="noCollapse" id="e843f8b9-d543-4215-a9fb-9b3efde6855e" style="display: block;">
						<a href="javascript:toggleElement('exception-e843f8b9-d543-4215-a9fb-9b3efde6855e','block')" title="Click to expand/collapse"><b>org.testng.TestNGException: <br/>
Cannot inject @Test annotated Method [onTestFailedWithTimeout] with [interface org.testng.ITestResult].<br/>
For more information on native dependency injection please refer to https://testng.org/doc/documentation-main.html#native-dependency-injection</b></a><br/>
		<div class="stackTrace" id="exception-e843f8b9-d543-4215-a9fb-9b3efde6855e">
					org.testng.internal.Parameters.checkParameterTypes(Parameters.java:439)<br/>
					org.testng.internal.Parameters.createParametersForMethod(Parameters.java:353)<br/>
					org.testng.internal.Parameters.createParameters(Parameters.java:708)<br/>
					org.testng.internal.Parameters.handleParameters(Parameters.java:884)<br/>
					org.testng.internal.Parameters.handleParameters(Parameters.java:740)<br/>
					org.testng.internal.ParameterHandler.handleParameters(ParameterHandler.java:59)<br/>
					org.testng.internal.ParameterHandler.createParameters(ParameterHandler.java:38)<br/>
					org.testng.internal.TestInvoker$MethodInvocationAgent.invoke(TestInvoker.java:791)<br/>
					org.testng.internal.TestInvoker.invokeTestMethods(TestInvoker.java:146)<br/>
					org.testng.internal.TestMethodWorker.invokeTestMethods(TestMethodWorker.java:146)<br/>
					org.testng.internal.TestMethodWorker.run(TestMethodWorker.java:128)<br/>
					java.util.ArrayList.forEach(ArrayList.java:1259)<br/>
					org.testng.TestRunner.privateRun(TestRunner.java:794)<br/>
					org.testng.TestRunner.run(TestRunner.java:596)<br/>
					org.testng.SuiteRunner.runTest(SuiteRunner.java:377)<br/>
					org.testng.SuiteRunner.runSequentially(SuiteRunner.java:371)<br/>
					org.testng.SuiteRunner.privateRun(SuiteRunner.java:332)<br/>
					org.testng.SuiteRunner.run(SuiteRunner.java:276)<br/>
					org.testng.SuiteRunnerWorker.runSuite(SuiteRunnerWorker.java:53)<br/>
					org.testng.SuiteRunnerWorker.run(SuiteRunnerWorker.java:96)<br/>
					org.testng.TestNG.runSuitesSequentially(TestNG.java:1212)<br/>
					org.testng.TestNG.runSuitesLocally(TestNG.java:1134)<br/>
					org.testng.TestNG.runSuites(TestNG.java:1063)<br/>
					org.testng.TestNG.run(TestNG.java:1031)<br/>
					org.testng.remote.AbstractRemoteTestNG.run(AbstractRemoteTestNG.java:115)<br/>
					org.testng.remote.RemoteTestNG.initAndRun(RemoteTestNG.java:251)<br/>
					org.testng.remote.RemoteTestNG.main(RemoteTestNG.java:77)<br/>
						</div>
		</td>
	</div>
</tr>
						
				
												<tr>
			<td class="time">1654992192169</td>
			<td class="header passed" colspan="4" onClick="toggleElement('eebbeeb0-dbf8-474e-94dc-8335568c5694','block');changeSingleIcon('span-eebbeeb0-dbf8-474e-94dc-8335568c5694');" title="Click to expand/collapse" style="cursor: pointer;">
			<div style="float:left;"><i>Class&nbsp;:&nbsp;</i>ui.GroupsTest</div>
			<div style="float:right;">@Test &nbsp;&nbsp;<span id='span-eebbeeb0-dbf8-474e-94dc-8335568c5694' class="glyphicon glyphicon-menu-down"></span></div>
			</td>
			</tr>
			<tr>
	<td class="time">1654992192169</td>
	<td class="methodTest">
		<span class="description"><b>Method: </b>Test2</span><br>
			<span class="description"><b>Description: </b>it is the last logout test</span><br>
				<span class="description"><b>Priority: </b><font color='blue'>1</font></span><br>
					<span class="description"><b>Groups: </b><font color='green'>bvt,user-registration,regression</font></span><br>
				<span class="duration"><b>Duration: </b>0.001s</span><br>
	</td>
	<td class="result">
						<div class="stackTrace" id="eebbeeb0-dbf8-474e-94dc-8335568c5694" style="display: block;">
												My method name is - Test2
												Status of execution is - 1
								</td>
	</div>
</tr>
						<tr>
			<td class="time">1654992191922</td>
			<td class="header passed" colspan="4" onClick="toggleElement('599aea2d-f475-40f3-939f-b1be28f19884','block');changeSingleIcon('span-599aea2d-f475-40f3-939f-b1be28f19884');" title="Click to expand/collapse" style="cursor: pointer;">
			<div style="float:left;"><i>Class&nbsp;:&nbsp;</i>ui.GroupsTest</div>
			<div style="float:right;">&nbsp;&nbsp;<span id='span-599aea2d-f475-40f3-939f-b1be28f19884' class="glyphicon glyphicon-menu-down"></span></div>
			</td>
			</tr>
			<tr>
	<td class="time">1654992191922</td>
	<td class="methodTest">
		<span class="description"><b>Method: </b>onFinish</span><br>
						<span class="description"><b>Groups: </b><font color='green'>user-registration</font></span><br>
				<span class="duration"><b>Duration: </b>0.001s</span><br>
	</td>
	<td class="result">
					<i>Method arguments: </i><span class="arguments">org.testng.TestRunner@6b85300e</span><br>
				<div class="stackTrace" id="599aea2d-f475-40f3-939f-b1be28f19884" style="display: block;">
												My method name is - onFinish
												Status of execution is - 1
								</td>
	</div>
</tr>
						<tr>
			<td class="time">1654992191915</td>
			<td class="header passed" colspan="4" onClick="toggleElement('b89da0e6-aa49-4086-b3ee-821eed9d2dd2','block');changeSingleIcon('span-b89da0e6-aa49-4086-b3ee-821eed9d2dd2');" title="Click to expand/collapse" style="cursor: pointer;">
			<div style="float:left;"><i>Class&nbsp;:&nbsp;</i>ui.GroupsTest</div>
			<div style="float:right;">@Test &nbsp;&nbsp;<span id='span-b89da0e6-aa49-4086-b3ee-821eed9d2dd2' class="glyphicon glyphicon-menu-down"></span></div>
			</td>
			</tr>
			<tr>
	<td class="time">1654992191915</td>
	<td class="methodTest">
		<span class="description"><b>Method: </b>Test3</span><br>
			<span class="description"><b>Description: </b>it is the last logout test</span><br>
						<span class="description"><b>Groups: </b><font color='green'>bvt,user-registration</font></span><br>
				<span class="duration"><b>Duration: </b>0.003s</span><br>
	</td>
	<td class="result">
						<div class="stackTrace" id="b89da0e6-aa49-4086-b3ee-821eed9d2dd2" style="display: block;">
												My method name is - Test3
												Status of execution is - 1
								</td>
	</div>
</tr>
						<tr>
			<td class="time">1654992191925</td>
			<td class="header passed" colspan="4" onClick="toggleElement('9d0883a2-043b-43e1-a341-4760d1822fdd','block');changeSingleIcon('span-9d0883a2-043b-43e1-a341-4760d1822fdd');" title="Click to expand/collapse" style="cursor: pointer;">
			<div style="float:left;"><i>Class&nbsp;:&nbsp;</i>ui.GroupsTest</div>
			<div style="float:right;">&nbsp;&nbsp;<span id='span-9d0883a2-043b-43e1-a341-4760d1822fdd' class="glyphicon glyphicon-menu-down"></span></div>
			</td>
			</tr>
			<tr>
	<td class="time">1654992191925</td>
	<td class="methodTest">
		<span class="description"><b>Method: </b>onStart</span><br>
						<span class="description"><b>Groups: </b><font color='green'>user-registration</font></span><br>
				<span class="duration"><b>Duration: </b>0.001s</span><br>
	</td>
	<td class="result">
					<i>Method arguments: </i><span class="arguments">org.testng.TestRunner@6b85300e</span><br>
				<div class="stackTrace" id="9d0883a2-043b-43e1-a341-4760d1822fdd" style="display: block;">
												My method name is - onStart
												Status of execution is - 1
								</td>
	</div>
</tr>
					  
	</tbody>
	</table>
</div>
</body>
</html>
