<?xml version="1.0" encoding="UTF-8"?>
<!-- Generated by org.testng.reporters.JUnitXMLReporter -->
<testsuite hostname="DESKTOP-JUVN070" ignored="0" name="Functional Testing" tests="1" failures="1" timestamp="2022-06-11T16:29:17 CDT" time="1.041" errors="0">
  <testcase name="launchApp" time="1.024" classname="ui.ListenerTakeScreenshot">
    <failure type="java.lang.AssertionError" message="expected [true] but found [false]">
      <![CDATA[java.lang.AssertionError: expected [true] but found [false]
at ui.ListenerTakeScreenshot.launchApp(ListenerTakeScreenshot.java:23)
at java.util.ArrayList.forEach(ArrayList.java:1259)
... Removed 31 stack frames]]>
    </failure>
  </testcase> <!-- launchApp -->
</testsuite> <!-- Functional Testing -->
