<?xml version="1.0" encoding="UTF-8"?>
<testng-results skipped="0" failed="7" ignored="0" total="11" passed="4">
  <reporter-output>
    <line>
      <![CDATA[My method name is - Test3]]>
    </line>
    <line>
      <![CDATA[Status of execution is - 1]]>
    </line>
    <line>
      <![CDATA[My method name is - onFinish]]>
    </line>
    <line>
      <![CDATA[Status of execution is - 1]]>
    </line>
    <line>
      <![CDATA[My method name is - onStart]]>
    </line>
    <line>
      <![CDATA[Status of execution is - 1]]>
    </line>
    <line>
      <![CDATA[<a href="C:\Users\sokoeurn chhay\Selenium_Java_Review\webportal-TestNG\ebayscreenshot\Sat-Jun-11-11-43-31-CDT-2022.png">Test Results</a>]]>
    </line>
    <line>
      <![CDATA[<a href="C:\Users\sokoeurn chhay\Selenium_Java_Review\webportal-TestNG\ebayscreenshot\Sat-Jun-11-11-43-31-CDT-2022.png">Test Results</a>]]>
    </line>
    <line>
      <![CDATA[<a href="C:\Users\sokoeurn chhay\Selenium_Java_Review\webportal-TestNG\ebayscreenshot\Sat-Jun-11-11-43-31-CDT-2022.png">Test Results</a>]]>
    </line>
    <line>
      <![CDATA[<a href="C:\Users\sokoeurn chhay\Selenium_Java_Review\webportal-TestNG\ebayscreenshot\Sat-Jun-11-11-43-31-CDT-2022.png">Test Results</a>]]>
    </line>
    <line>
      <![CDATA[<a href="C:\Users\sokoeurn chhay\Selenium_Java_Review\webportal-TestNG\ebayscreenshot\Sat-Jun-11-11-43-31-CDT-2022.png">Test Results</a>]]>
    </line>
    <line>
      <![CDATA[<a href="C:\Users\sokoeurn chhay\Selenium_Java_Review\webportal-TestNG\ebayscreenshot\Sat-Jun-11-11-43-31-CDT-2022.png">Test Results</a>]]>
    </line>
    <line>
      <![CDATA[My method name is - Test2]]>
    </line>
    <line>
      <![CDATA[Status of execution is - 1]]>
    </line>
    <line>
      <![CDATA[My method name is - Test1]]>
    </line>
    <line>
      <![CDATA[<a href="C:\Users\sokoeurn chhay\Selenium_Java_Review\webportal-TestNG\ebayscreenshot\Sat-Jun-11-11-43-31-CDT-2022.png">Test Results</a>]]>
    </line>
  </reporter-output>
  <suite name="Listener Test Suite" duration-ms="310" started-at="2022-06-11T19:03:11 CDT" finished-at="2022-06-11T19:03:12 CDT">
    <groups>
      <group name="bvt">
        <method signature="GroupsTest.Test2()[pri:1, instance:ui.GroupsTest@145eaa29]" name="Test2" class="ui.GroupsTest"/>
        <method signature="GroupsTest.Test3()[pri:0, instance:ui.GroupsTest@145eaa29]" name="Test3" class="ui.GroupsTest"/>
      </group> <!-- bvt -->
      <group name="user-registration">
        <method signature="GroupsTest.Test1()[pri:2, instance:ui.GroupsTest@145eaa29]" name="Test1" class="ui.GroupsTest"/>
        <method signature="GroupsTest.Test2()[pri:1, instance:ui.GroupsTest@145eaa29]" name="Test2" class="ui.GroupsTest"/>
        <method signature="GroupsTest.Test3()[pri:0, instance:ui.GroupsTest@145eaa29]" name="Test3" class="ui.GroupsTest"/>
        <method signature="ITestListener.onFinish(org.testng.ITestContext)[pri:0, instance:ui.GroupsTest@145eaa29]" name="onFinish" class="org.testng.ITestListener"/>
        <method signature="ITestListener.onStart(org.testng.ITestContext)[pri:0, instance:ui.GroupsTest@145eaa29]" name="onStart" class="org.testng.ITestListener"/>
        <method signature="ITestListener.onTestFailedButWithinSuccessPercentage(org.testng.ITestResult)[pri:0, instance:ui.GroupsTest@145eaa29]" name="onTestFailedButWithinSuccessPercentage" class="org.testng.ITestListener"/>
        <method signature="ITestListener.onTestFailedWithTimeout(org.testng.ITestResult)[pri:0, instance:ui.GroupsTest@145eaa29]" name="onTestFailedWithTimeout" class="org.testng.ITestListener"/>
        <method signature="ITestListener.onTestFailure(org.testng.ITestResult)[pri:0, instance:ui.GroupsTest@145eaa29]" name="onTestFailure" class="org.testng.ITestListener"/>
        <method signature="ITestListener.onTestSkipped(org.testng.ITestResult)[pri:0, instance:ui.GroupsTest@145eaa29]" name="onTestSkipped" class="org.testng.ITestListener"/>
        <method signature="ITestListener.onTestStart(org.testng.ITestResult)[pri:0, instance:ui.GroupsTest@145eaa29]" name="onTestStart" class="org.testng.ITestListener"/>
        <method signature="ITestListener.onTestSuccess(org.testng.ITestResult)[pri:0, instance:ui.GroupsTest@145eaa29]" name="onTestSuccess" class="org.testng.ITestListener"/>
      </group> <!-- user-registration -->
      <group name="regression">
        <method signature="GroupsTest.Test1()[pri:2, instance:ui.GroupsTest@145eaa29]" name="Test1" class="ui.GroupsTest"/>
        <method signature="GroupsTest.Test2()[pri:1, instance:ui.GroupsTest@145eaa29]" name="Test2" class="ui.GroupsTest"/>
      </group> <!-- regression -->
    </groups>
    <test name="Listener testing" duration-ms="310" started-at="2022-06-11T19:03:11 CDT" finished-at="2022-06-11T19:03:12 CDT">
      <class name="ui.GroupsTest">
        <test-method status="PASS" signature="dataSetup()[pri:0, instance:ui.GroupsTest@145eaa29]" name="dataSetup" is-config="true" duration-ms="1" started-at="2022-06-11T19:03:11 CDT" finished-at="2022-06-11T19:03:11 CDT">
          <reporter-output>
          </reporter-output>
        </test-method> <!-- dataSetup -->
        <test-method status="PASS" signature="loginToApplication()[pri:0, instance:ui.GroupsTest@145eaa29]" name="loginToApplication" is-config="true" duration-ms="0" started-at="2022-06-11T19:03:11 CDT" finished-at="2022-06-11T19:03:11 CDT">
          <reporter-output>
          </reporter-output>
        </test-method> <!-- loginToApplication -->
        <test-method status="PASS" signature="connectToDB()[pri:0, instance:ui.GroupsTest@145eaa29]" name="connectToDB" is-config="true" duration-ms="1" started-at="2022-06-11T19:03:11 CDT" finished-at="2022-06-11T19:03:11 CDT">
          <reporter-output>
          </reporter-output>
        </test-method> <!-- connectToDB -->
        <test-method status="PASS" signature="Test3()[pri:0, instance:ui.GroupsTest@145eaa29]" name="Test3" duration-ms="3" started-at="2022-06-11T19:03:11 CDT" description="it is the last logout test" finished-at="2022-06-11T19:03:11 CDT">
          <reporter-output>
            <line>
              <![CDATA[My method name is - Test3]]>
            </line>
            <line>
              <![CDATA[Status of execution is - 1]]>
            </line>
          </reporter-output>
        </test-method> <!-- Test3 -->
        <test-method status="PASS" signature="disconnectFromDB()[pri:0, instance:ui.GroupsTest@145eaa29]" name="disconnectFromDB" is-config="true" duration-ms="1" started-at="2022-06-11T19:03:11 CDT" finished-at="2022-06-11T19:03:11 CDT">
          <reporter-output>
          </reporter-output>
        </test-method> <!-- disconnectFromDB -->
        <test-method status="PASS" signature="onFinish(org.testng.ITestContext)[pri:0, instance:ui.GroupsTest@145eaa29]" name="onFinish" duration-ms="1" started-at="2022-06-11T19:03:11 CDT" finished-at="2022-06-11T19:03:11 CDT">
          <params>
            <param index="0">
              <value>
                <![CDATA[org.testng.TestRunner@6b85300e]]>
              </value>
            </param>
          </params>
          <reporter-output>
            <line>
              <![CDATA[My method name is - onFinish]]>
            </line>
            <line>
              <![CDATA[Status of execution is - 1]]>
            </line>
          </reporter-output>
        </test-method> <!-- onFinish -->
        <test-method status="PASS" signature="connectToDB()[pri:0, instance:ui.GroupsTest@145eaa29]" name="connectToDB" is-config="true" duration-ms="0" started-at="2022-06-11T19:03:11 CDT" finished-at="2022-06-11T19:03:11 CDT">
          <reporter-output>
          </reporter-output>
        </test-method> <!-- connectToDB -->
        <test-method status="PASS" signature="disconnectFromDB()[pri:0, instance:ui.GroupsTest@145eaa29]" name="disconnectFromDB" is-config="true" duration-ms="0" started-at="2022-06-11T19:03:11 CDT" finished-at="2022-06-11T19:03:11 CDT">
          <reporter-output>
          </reporter-output>
        </test-method> <!-- disconnectFromDB -->
        <test-method status="PASS" signature="onStart(org.testng.ITestContext)[pri:0, instance:ui.GroupsTest@145eaa29]" name="onStart" duration-ms="1" started-at="2022-06-11T19:03:11 CDT" finished-at="2022-06-11T19:03:11 CDT">
          <params>
            <param index="0">
              <value>
                <![CDATA[org.testng.TestRunner@6b85300e]]>
              </value>
            </param>
          </params>
          <reporter-output>
            <line>
              <![CDATA[My method name is - onStart]]>
            </line>
            <line>
              <![CDATA[Status of execution is - 1]]>
            </line>
          </reporter-output>
        </test-method> <!-- onStart -->
        <test-method status="PASS" signature="connectToDB()[pri:0, instance:ui.GroupsTest@145eaa29]" name="connectToDB" is-config="true" duration-ms="0" started-at="2022-06-11T19:03:11 CDT" finished-at="2022-06-11T19:03:11 CDT">
          <reporter-output>
          </reporter-output>
        </test-method> <!-- connectToDB -->
        <test-method status="PASS" signature="disconnectFromDB()[pri:0, instance:ui.GroupsTest@145eaa29]" name="disconnectFromDB" is-config="true" duration-ms="0" started-at="2022-06-11T19:03:11 CDT" finished-at="2022-06-11T19:03:11 CDT">
          <reporter-output>
          </reporter-output>
        </test-method> <!-- disconnectFromDB -->
        <test-method status="FAIL" signature="onTestFailedButWithinSuccessPercentage(org.testng.ITestResult)[pri:0, instance:ui.GroupsTest@145eaa29]" name="onTestFailedButWithinSuccessPercentage" duration-ms="0" started-at="2022-06-11T19:03:11 CDT" finished-at="2022-06-11T19:03:11 CDT">
          <exception class="org.testng.TestNGException">
            <message>
              <![CDATA[
Cannot inject @Test annotated Method [onTestFailedButWithinSuccessPercentage] with [interface org.testng.ITestResult].
For more information on native dependency injection please refer to https://testng.org/doc/documentation-main.html#native-dependency-injection]]>
            </message>
            <full-stacktrace>
              <![CDATA[org.testng.TestNGException: 
Cannot inject @Test annotated Method [onTestFailedButWithinSuccessPercentage] with [interface org.testng.ITestResult].
For more information on native dependency injection please refer to https://testng.org/doc/documentation-main.html#native-dependency-injection
at org.testng.internal.Parameters.checkParameterTypes(Parameters.java:439)
at org.testng.internal.Parameters.createParametersForMethod(Parameters.java:353)
at org.testng.internal.Parameters.createParameters(Parameters.java:708)
at org.testng.internal.Parameters.handleParameters(Parameters.java:884)
at org.testng.internal.Parameters.handleParameters(Parameters.java:740)
at org.testng.internal.ParameterHandler.handleParameters(ParameterHandler.java:59)
at org.testng.internal.ParameterHandler.createParameters(ParameterHandler.java:38)
at org.testng.internal.TestInvoker$MethodInvocationAgent.invoke(TestInvoker.java:791)
at org.testng.internal.TestInvoker.invokeTestMethods(TestInvoker.java:146)
at org.testng.internal.TestMethodWorker.invokeTestMethods(TestMethodWorker.java:146)
at org.testng.internal.TestMethodWorker.run(TestMethodWorker.java:128)
at java.util.ArrayList.forEach(ArrayList.java:1259)
at org.testng.TestRunner.privateRun(TestRunner.java:794)
at org.testng.TestRunner.run(TestRunner.java:596)
at org.testng.SuiteRunner.runTest(SuiteRunner.java:377)
at org.testng.SuiteRunner.runSequentially(SuiteRunner.java:371)
at org.testng.SuiteRunner.privateRun(SuiteRunner.java:332)
at org.testng.SuiteRunner.run(SuiteRunner.java:276)
at org.testng.SuiteRunnerWorker.runSuite(SuiteRunnerWorker.java:53)
at org.testng.SuiteRunnerWorker.run(SuiteRunnerWorker.java:96)
at org.testng.TestNG.runSuitesSequentially(TestNG.java:1212)
at org.testng.TestNG.runSuitesLocally(TestNG.java:1134)
at org.testng.TestNG.runSuites(TestNG.java:1063)
at org.testng.TestNG.run(TestNG.java:1031)
at org.testng.remote.AbstractRemoteTestNG.run(AbstractRemoteTestNG.java:115)
at org.testng.remote.RemoteTestNG.initAndRun(RemoteTestNG.java:251)
at org.testng.remote.RemoteTestNG.main(RemoteTestNG.java:77)
]]>
            </full-stacktrace>
          </exception> <!-- org.testng.TestNGException -->
          <reporter-output>
          </reporter-output>
        </test-method> <!-- onTestFailedButWithinSuccessPercentage -->
        <test-method status="FAIL" signature="onTestFailedWithTimeout(org.testng.ITestResult)[pri:0, instance:ui.GroupsTest@145eaa29]" name="onTestFailedWithTimeout" duration-ms="0" started-at="2022-06-11T19:03:11 CDT" finished-at="2022-06-11T19:03:11 CDT">
          <exception class="org.testng.TestNGException">
            <message>
              <![CDATA[
Cannot inject @Test annotated Method [onTestFailedWithTimeout] with [interface org.testng.ITestResult].
For more information on native dependency injection please refer to https://testng.org/doc/documentation-main.html#native-dependency-injection]]>
            </message>
            <full-stacktrace>
              <![CDATA[org.testng.TestNGException: 
Cannot inject @Test annotated Method [onTestFailedWithTimeout] with [interface org.testng.ITestResult].
For more information on native dependency injection please refer to https://testng.org/doc/documentation-main.html#native-dependency-injection
at org.testng.internal.Parameters.checkParameterTypes(Parameters.java:439)
at org.testng.internal.Parameters.createParametersForMethod(Parameters.java:353)
at org.testng.internal.Parameters.createParameters(Parameters.java:708)
at org.testng.internal.Parameters.handleParameters(Parameters.java:884)
at org.testng.internal.Parameters.handleParameters(Parameters.java:740)
at org.testng.internal.ParameterHandler.handleParameters(ParameterHandler.java:59)
at org.testng.internal.ParameterHandler.createParameters(ParameterHandler.java:38)
at org.testng.internal.TestInvoker$MethodInvocationAgent.invoke(TestInvoker.java:791)
at org.testng.internal.TestInvoker.invokeTestMethods(TestInvoker.java:146)
at org.testng.internal.TestMethodWorker.invokeTestMethods(TestMethodWorker.java:146)
at org.testng.internal.TestMethodWorker.run(TestMethodWorker.java:128)
at java.util.ArrayList.forEach(ArrayList.java:1259)
at org.testng.TestRunner.privateRun(TestRunner.java:794)
at org.testng.TestRunner.run(TestRunner.java:596)
at org.testng.SuiteRunner.runTest(SuiteRunner.java:377)
at org.testng.SuiteRunner.runSequentially(SuiteRunner.java:371)
at org.testng.SuiteRunner.privateRun(SuiteRunner.java:332)
at org.testng.SuiteRunner.run(SuiteRunner.java:276)
at org.testng.SuiteRunnerWorker.runSuite(SuiteRunnerWorker.java:53)
at org.testng.SuiteRunnerWorker.run(SuiteRunnerWorker.java:96)
at org.testng.TestNG.runSuitesSequentially(TestNG.java:1212)
at org.testng.TestNG.runSuitesLocally(TestNG.java:1134)
at org.testng.TestNG.runSuites(TestNG.java:1063)
at org.testng.TestNG.run(TestNG.java:1031)
at org.testng.remote.AbstractRemoteTestNG.run(AbstractRemoteTestNG.java:115)
at org.testng.remote.RemoteTestNG.initAndRun(RemoteTestNG.java:251)
at org.testng.remote.RemoteTestNG.main(RemoteTestNG.java:77)
]]>
            </full-stacktrace>
          </exception> <!-- org.testng.TestNGException -->
          <reporter-output>
          </reporter-output>
        </test-method> <!-- onTestFailedWithTimeout -->
        <test-method status="FAIL" signature="onTestFailure(org.testng.ITestResult)[pri:0, instance:ui.GroupsTest@145eaa29]" name="onTestFailure" duration-ms="0" started-at="2022-06-11T19:03:12 CDT" finished-at="2022-06-11T19:03:12 CDT">
          <exception class="org.testng.TestNGException">
            <message>
              <![CDATA[
Cannot inject @Test annotated Method [onTestFailure] with [interface org.testng.ITestResult].
For more information on native dependency injection please refer to https://testng.org/doc/documentation-main.html#native-dependency-injection]]>
            </message>
            <full-stacktrace>
              <![CDATA[org.testng.TestNGException: 
Cannot inject @Test annotated Method [onTestFailure] with [interface org.testng.ITestResult].
For more information on native dependency injection please refer to https://testng.org/doc/documentation-main.html#native-dependency-injection
at org.testng.internal.Parameters.checkParameterTypes(Parameters.java:439)
at org.testng.internal.Parameters.createParametersForMethod(Parameters.java:353)
at org.testng.internal.Parameters.createParameters(Parameters.java:708)
at org.testng.internal.Parameters.handleParameters(Parameters.java:884)
at org.testng.internal.Parameters.handleParameters(Parameters.java:740)
at org.testng.internal.ParameterHandler.handleParameters(ParameterHandler.java:59)
at org.testng.internal.ParameterHandler.createParameters(ParameterHandler.java:38)
at org.testng.internal.TestInvoker$MethodInvocationAgent.invoke(TestInvoker.java:791)
at org.testng.internal.TestInvoker.invokeTestMethods(TestInvoker.java:146)
at org.testng.internal.TestMethodWorker.invokeTestMethods(TestMethodWorker.java:146)
at org.testng.internal.TestMethodWorker.run(TestMethodWorker.java:128)
at java.util.ArrayList.forEach(ArrayList.java:1259)
at org.testng.TestRunner.privateRun(TestRunner.java:794)
at org.testng.TestRunner.run(TestRunner.java:596)
at org.testng.SuiteRunner.runTest(SuiteRunner.java:377)
at org.testng.SuiteRunner.runSequentially(SuiteRunner.java:371)
at org.testng.SuiteRunner.privateRun(SuiteRunner.java:332)
at org.testng.SuiteRunner.run(SuiteRunner.java:276)
at org.testng.SuiteRunnerWorker.runSuite(SuiteRunnerWorker.java:53)
at org.testng.SuiteRunnerWorker.run(SuiteRunnerWorker.java:96)
at org.testng.TestNG.runSuitesSequentially(TestNG.java:1212)
at org.testng.TestNG.runSuitesLocally(TestNG.java:1134)
at org.testng.TestNG.runSuites(TestNG.java:1063)
at org.testng.TestNG.run(TestNG.java:1031)
at org.testng.remote.AbstractRemoteTestNG.run(AbstractRemoteTestNG.java:115)
at org.testng.remote.RemoteTestNG.initAndRun(RemoteTestNG.java:251)
at org.testng.remote.RemoteTestNG.main(RemoteTestNG.java:77)
]]>
            </full-stacktrace>
          </exception> <!-- org.testng.TestNGException -->
          <reporter-output>
          </reporter-output>
        </test-method> <!-- onTestFailure -->
        <test-method status="FAIL" signature="onTestSkipped(org.testng.ITestResult)[pri:0, instance:ui.GroupsTest@145eaa29]" name="onTestSkipped" duration-ms="0" started-at="2022-06-11T19:03:12 CDT" finished-at="2022-06-11T19:03:12 CDT">
          <exception class="org.testng.TestNGException">
            <message>
              <![CDATA[
Cannot inject @Test annotated Method [onTestSkipped] with [interface org.testng.ITestResult].
For more information on native dependency injection please refer to https://testng.org/doc/documentation-main.html#native-dependency-injection]]>
            </message>
            <full-stacktrace>
              <![CDATA[org.testng.TestNGException: 
Cannot inject @Test annotated Method [onTestSkipped] with [interface org.testng.ITestResult].
For more information on native dependency injection please refer to https://testng.org/doc/documentation-main.html#native-dependency-injection
at org.testng.internal.Parameters.checkParameterTypes(Parameters.java:439)
at org.testng.internal.Parameters.createParametersForMethod(Parameters.java:353)
at org.testng.internal.Parameters.createParameters(Parameters.java:708)
at org.testng.internal.Parameters.handleParameters(Parameters.java:884)
at org.testng.internal.Parameters.handleParameters(Parameters.java:740)
at org.testng.internal.ParameterHandler.handleParameters(ParameterHandler.java:59)
at org.testng.internal.ParameterHandler.createParameters(ParameterHandler.java:38)
at org.testng.internal.TestInvoker$MethodInvocationAgent.invoke(TestInvoker.java:791)
at org.testng.internal.TestInvoker.invokeTestMethods(TestInvoker.java:146)
at org.testng.internal.TestMethodWorker.invokeTestMethods(TestMethodWorker.java:146)
at org.testng.internal.TestMethodWorker.run(TestMethodWorker.java:128)
at java.util.ArrayList.forEach(ArrayList.java:1259)
at org.testng.TestRunner.privateRun(TestRunner.java:794)
at org.testng.TestRunner.run(TestRunner.java:596)
at org.testng.SuiteRunner.runTest(SuiteRunner.java:377)
at org.testng.SuiteRunner.runSequentially(SuiteRunner.java:371)
at org.testng.SuiteRunner.privateRun(SuiteRunner.java:332)
at org.testng.SuiteRunner.run(SuiteRunner.java:276)
at org.testng.SuiteRunnerWorker.runSuite(SuiteRunnerWorker.java:53)
at org.testng.SuiteRunnerWorker.run(SuiteRunnerWorker.java:96)
at org.testng.TestNG.runSuitesSequentially(TestNG.java:1212)
at org.testng.TestNG.runSuitesLocally(TestNG.java:1134)
at org.testng.TestNG.runSuites(TestNG.java:1063)
at org.testng.TestNG.run(TestNG.java:1031)
at org.testng.remote.AbstractRemoteTestNG.run(AbstractRemoteTestNG.java:115)
at org.testng.remote.RemoteTestNG.initAndRun(RemoteTestNG.java:251)
at org.testng.remote.RemoteTestNG.main(RemoteTestNG.java:77)
]]>
            </full-stacktrace>
          </exception> <!-- org.testng.TestNGException -->
          <reporter-output>
          </reporter-output>
        </test-method> <!-- onTestSkipped -->
        <test-method status="FAIL" signature="onTestStart(org.testng.ITestResult)[pri:0, instance:ui.GroupsTest@145eaa29]" name="onTestStart" duration-ms="0" started-at="2022-06-11T19:03:12 CDT" finished-at="2022-06-11T19:03:12 CDT">
          <exception class="org.testng.TestNGException">
            <message>
              <![CDATA[
Cannot inject @Test annotated Method [onTestStart] with [interface org.testng.ITestResult].
For more information on native dependency injection please refer to https://testng.org/doc/documentation-main.html#native-dependency-injection]]>
            </message>
            <full-stacktrace>
              <![CDATA[org.testng.TestNGException: 
Cannot inject @Test annotated Method [onTestStart] with [interface org.testng.ITestResult].
For more information on native dependency injection please refer to https://testng.org/doc/documentation-main.html#native-dependency-injection
at org.testng.internal.Parameters.checkParameterTypes(Parameters.java:439)
at org.testng.internal.Parameters.createParametersForMethod(Parameters.java:353)
at org.testng.internal.Parameters.createParameters(Parameters.java:708)
at org.testng.internal.Parameters.handleParameters(Parameters.java:884)
at org.testng.internal.Parameters.handleParameters(Parameters.java:740)
at org.testng.internal.ParameterHandler.handleParameters(ParameterHandler.java:59)
at org.testng.internal.ParameterHandler.createParameters(ParameterHandler.java:38)
at org.testng.internal.TestInvoker$MethodInvocationAgent.invoke(TestInvoker.java:791)
at org.testng.internal.TestInvoker.invokeTestMethods(TestInvoker.java:146)
at org.testng.internal.TestMethodWorker.invokeTestMethods(TestMethodWorker.java:146)
at org.testng.internal.TestMethodWorker.run(TestMethodWorker.java:128)
at java.util.ArrayList.forEach(ArrayList.java:1259)
at org.testng.TestRunner.privateRun(TestRunner.java:794)
at org.testng.TestRunner.run(TestRunner.java:596)
at org.testng.SuiteRunner.runTest(SuiteRunner.java:377)
at org.testng.SuiteRunner.runSequentially(SuiteRunner.java:371)
at org.testng.SuiteRunner.privateRun(SuiteRunner.java:332)
at org.testng.SuiteRunner.run(SuiteRunner.java:276)
at org.testng.SuiteRunnerWorker.runSuite(SuiteRunnerWorker.java:53)
at org.testng.SuiteRunnerWorker.run(SuiteRunnerWorker.java:96)
at org.testng.TestNG.runSuitesSequentially(TestNG.java:1212)
at org.testng.TestNG.runSuitesLocally(TestNG.java:1134)
at org.testng.TestNG.runSuites(TestNG.java:1063)
at org.testng.TestNG.run(TestNG.java:1031)
at org.testng.remote.AbstractRemoteTestNG.run(AbstractRemoteTestNG.java:115)
at org.testng.remote.RemoteTestNG.initAndRun(RemoteTestNG.java:251)
at org.testng.remote.RemoteTestNG.main(RemoteTestNG.java:77)
]]>
            </full-stacktrace>
          </exception> <!-- org.testng.TestNGException -->
          <reporter-output>
          </reporter-output>
        </test-method> <!-- onTestStart -->
        <test-method status="FAIL" signature="onTestSuccess(org.testng.ITestResult)[pri:0, instance:ui.GroupsTest@145eaa29]" name="onTestSuccess" duration-ms="0" started-at="2022-06-11T19:03:12 CDT" finished-at="2022-06-11T19:03:12 CDT">
          <exception class="org.testng.TestNGException">
            <message>
              <![CDATA[
Cannot inject @Test annotated Method [onTestSuccess] with [interface org.testng.ITestResult].
For more information on native dependency injection please refer to https://testng.org/doc/documentation-main.html#native-dependency-injection]]>
            </message>
            <full-stacktrace>
              <![CDATA[org.testng.TestNGException: 
Cannot inject @Test annotated Method [onTestSuccess] with [interface org.testng.ITestResult].
For more information on native dependency injection please refer to https://testng.org/doc/documentation-main.html#native-dependency-injection
at org.testng.internal.Parameters.checkParameterTypes(Parameters.java:439)
at org.testng.internal.Parameters.createParametersForMethod(Parameters.java:353)
at org.testng.internal.Parameters.createParameters(Parameters.java:708)
at org.testng.internal.Parameters.handleParameters(Parameters.java:884)
at org.testng.internal.Parameters.handleParameters(Parameters.java:740)
at org.testng.internal.ParameterHandler.handleParameters(ParameterHandler.java:59)
at org.testng.internal.ParameterHandler.createParameters(ParameterHandler.java:38)
at org.testng.internal.TestInvoker$MethodInvocationAgent.invoke(TestInvoker.java:791)
at org.testng.internal.TestInvoker.invokeTestMethods(TestInvoker.java:146)
at org.testng.internal.TestMethodWorker.invokeTestMethods(TestMethodWorker.java:146)
at org.testng.internal.TestMethodWorker.run(TestMethodWorker.java:128)
at java.util.ArrayList.forEach(ArrayList.java:1259)
at org.testng.TestRunner.privateRun(TestRunner.java:794)
at org.testng.TestRunner.run(TestRunner.java:596)
at org.testng.SuiteRunner.runTest(SuiteRunner.java:377)
at org.testng.SuiteRunner.runSequentially(SuiteRunner.java:371)
at org.testng.SuiteRunner.privateRun(SuiteRunner.java:332)
at org.testng.SuiteRunner.run(SuiteRunner.java:276)
at org.testng.SuiteRunnerWorker.runSuite(SuiteRunnerWorker.java:53)
at org.testng.SuiteRunnerWorker.run(SuiteRunnerWorker.java:96)
at org.testng.TestNG.runSuitesSequentially(TestNG.java:1212)
at org.testng.TestNG.runSuitesLocally(TestNG.java:1134)
at org.testng.TestNG.runSuites(TestNG.java:1063)
at org.testng.TestNG.run(TestNG.java:1031)
at org.testng.remote.AbstractRemoteTestNG.run(AbstractRemoteTestNG.java:115)
at org.testng.remote.RemoteTestNG.initAndRun(RemoteTestNG.java:251)
at org.testng.remote.RemoteTestNG.main(RemoteTestNG.java:77)
]]>
            </full-stacktrace>
          </exception> <!-- org.testng.TestNGException -->
          <reporter-output>
          </reporter-output>
        </test-method> <!-- onTestSuccess -->
        <test-method status="PASS" signature="Test2()[pri:1, instance:ui.GroupsTest@145eaa29]" name="Test2" duration-ms="1" started-at="2022-06-11T19:03:12 CDT" description="it is the last logout test" finished-at="2022-06-11T19:03:12 CDT">
          <reporter-output>
            <line>
              <![CDATA[My method name is - Test2]]>
            </line>
            <line>
              <![CDATA[Status of execution is - 1]]>
            </line>
          </reporter-output>
        </test-method> <!-- Test2 -->
        <test-method status="PASS" signature="connectToDB()[pri:0, instance:ui.GroupsTest@145eaa29]" name="connectToDB" is-config="true" duration-ms="0" started-at="2022-06-11T19:03:12 CDT" finished-at="2022-06-11T19:03:12 CDT">
          <reporter-output>
          </reporter-output>
        </test-method> <!-- connectToDB -->
        <test-method status="PASS" signature="disconnectFromDB()[pri:0, instance:ui.GroupsTest@145eaa29]" name="disconnectFromDB" is-config="true" duration-ms="1" started-at="2022-06-11T19:03:12 CDT" finished-at="2022-06-11T19:03:12 CDT">
          <reporter-output>
          </reporter-output>
        </test-method> <!-- disconnectFromDB -->
        <test-method status="FAIL" signature="Test1()[pri:2, instance:ui.GroupsTest@145eaa29]" name="Test1" duration-ms="3" started-at="2022-06-11T19:03:12 CDT" description="it is the first login test" finished-at="2022-06-11T19:03:12 CDT">
          <exception class="java.lang.AssertionError">
            <message>
              <![CDATA[this is not I am looking for expected [true] but found [false]]]>
            </message>
            <full-stacktrace>
              <![CDATA[java.lang.AssertionError: this is not I am looking for expected [true] but found [false]
at org.testng.Assert.fail(Assert.java:99)
at org.testng.Assert.failNotEquals(Assert.java:1037)
at org.testng.Assert.assertTrue(Assert.java:45)
at ui.GroupsTest.Test1(GroupsTest.java:39)
at sun.reflect.NativeMethodAccessorImpl.invoke0(Native Method)
at sun.reflect.NativeMethodAccessorImpl.invoke(NativeMethodAccessorImpl.java:62)
at sun.reflect.DelegatingMethodAccessorImpl.invoke(DelegatingMethodAccessorImpl.java:43)
at java.lang.reflect.Method.invoke(Method.java:498)
at org.testng.internal.MethodInvocationHelper.invokeMethod(MethodInvocationHelper.java:133)
at org.testng.internal.TestInvoker.invokeMethod(TestInvoker.java:598)
at org.testng.internal.TestInvoker.invokeTestMethod(TestInvoker.java:173)
at org.testng.internal.MethodRunner.runInSequence(MethodRunner.java:46)
at org.testng.internal.TestInvoker$MethodInvocationAgent.invoke(TestInvoker.java:824)
at org.testng.internal.TestInvoker.invokeTestMethods(TestInvoker.java:146)
at org.testng.internal.TestMethodWorker.invokeTestMethods(TestMethodWorker.java:146)
at org.testng.internal.TestMethodWorker.run(TestMethodWorker.java:128)
at java.util.ArrayList.forEach(ArrayList.java:1259)
at org.testng.TestRunner.privateRun(TestRunner.java:794)
at org.testng.TestRunner.run(TestRunner.java:596)
at org.testng.SuiteRunner.runTest(SuiteRunner.java:377)
at org.testng.SuiteRunner.runSequentially(SuiteRunner.java:371)
at org.testng.SuiteRunner.privateRun(SuiteRunner.java:332)
at org.testng.SuiteRunner.run(SuiteRunner.java:276)
at org.testng.SuiteRunnerWorker.runSuite(SuiteRunnerWorker.java:53)
at org.testng.SuiteRunnerWorker.run(SuiteRunnerWorker.java:96)
at org.testng.TestNG.runSuitesSequentially(TestNG.java:1212)
at org.testng.TestNG.runSuitesLocally(TestNG.java:1134)
at org.testng.TestNG.runSuites(TestNG.java:1063)
at org.testng.TestNG.run(TestNG.java:1031)
at org.testng.remote.AbstractRemoteTestNG.run(AbstractRemoteTestNG.java:115)
at org.testng.remote.RemoteTestNG.initAndRun(RemoteTestNG.java:251)
at org.testng.remote.RemoteTestNG.main(RemoteTestNG.java:77)
]]>
            </full-stacktrace>
          </exception> <!-- java.lang.AssertionError -->
          <reporter-output>
            <line>
              <![CDATA[My method name is - Test1]]>
            </line>
            <line>
              <![CDATA[<a href="C:\Users\sokoeurn chhay\Selenium_Java_Review\webportal-TestNG\ebayscreenshot\Sat-Jun-11-11-43-31-CDT-2022.png">Test Results</a>]]>
            </line>
          </reporter-output>
        </test-method> <!-- Test1 -->
        <test-method status="PASS" signature="connectToDB()[pri:0, instance:ui.GroupsTest@145eaa29]" name="connectToDB" is-config="true" duration-ms="0" started-at="2022-06-11T19:03:12 CDT" finished-at="2022-06-11T19:03:12 CDT">
          <reporter-output>
          </reporter-output>
        </test-method> <!-- connectToDB -->
        <test-method status="PASS" signature="disconnectFromDB()[pri:0, instance:ui.GroupsTest@145eaa29]" name="disconnectFromDB" is-config="true" duration-ms="0" started-at="2022-06-11T19:03:12 CDT" finished-at="2022-06-11T19:03:12 CDT">
          <reporter-output>
          </reporter-output>
        </test-method> <!-- disconnectFromDB -->
        <test-method status="PASS" signature="logoutFromApplication()[pri:0, instance:ui.GroupsTest@145eaa29]" name="logoutFromApplication" is-config="true" duration-ms="1" started-at="2022-06-11T19:03:12 CDT" finished-at="2022-06-11T19:03:12 CDT">
          <reporter-output>
          </reporter-output>
        </test-method> <!-- logoutFromApplication -->
        <test-method status="PASS" signature="teardowndata()[pri:0, instance:ui.GroupsTest@145eaa29]" name="teardowndata" is-config="true" duration-ms="0" started-at="2022-06-11T19:03:12 CDT" finished-at="2022-06-11T19:03:12 CDT">
          <reporter-output>
          </reporter-output>
        </test-method> <!-- teardowndata -->
      </class> <!-- ui.GroupsTest -->
      <class name="commondatasetup.Listeners">
        <test-method status="PASS" signature="launchBrowser()[pri:0, instance:commondatasetup.Listeners@4d826d77]" name="launchBrowser" is-config="true" duration-ms="2977" started-at="2022-06-11T19:03:08 CDT" finished-at="2022-06-11T19:03:11 CDT">
          <reporter-output>
          </reporter-output>
        </test-method> <!-- launchBrowser -->
        <test-method status="PASS" signature="closeBrowser()[pri:0, instance:commondatasetup.Listeners@4d826d77]" name="closeBrowser" is-config="true" duration-ms="549" started-at="2022-06-11T19:03:12 CDT" finished-at="2022-06-11T19:03:12 CDT">
          <reporter-output>
          </reporter-output>
        </test-method> <!-- closeBrowser -->
      </class> <!-- commondatasetup.Listeners -->
    </test> <!-- Listener testing -->
  </suite> <!-- Listener Test Suite -->
</testng-results>
