<?xml version="1.0" encoding="UTF-8"?>
<!-- Generated by org.testng.reporters.JUnitXMLReporter -->
<testsuite hostname="DESKTOP-JUVN070" ignored="0" name="Listener testing" tests="11" failures="7" timestamp="2022-06-11T19:03:12 CDT" time="0.31" errors="0">
  <testcase name="Test3" time="0.003" classname="ui.GroupsTest"/>
  <testcase name="onFinish" time="0.001" classname="org.testng.ITestListener"/>
  <testcase name="onStart" time="0.001" classname="org.testng.ITestListener"/>
  <testcase name="onTestFailedButWithinSuccessPercentage" time="0.0" classname="org.testng.ITestListener">
    <failure type="org.testng.TestNGException" message="
Cannot inject @Test annotated Method [onTestFailedButWithinSuccessPercentage] with [interface org.testng.ITestResult].
For more information on native dependency injection please refer to https://testng.org/doc/documentation-main.html#native-dependency-injection">
      <![CDATA[org.testng.TestNGException: 
For more information on native dependency injection please refer to https://testng.org/doc/documentation-main.html#native-dependency-injection
at java.util.ArrayList.forEach(ArrayList.java:1259)
... Removed 27 stack frames]]>
    </failure>
  </testcase> <!-- onTestFailedButWithinSuccessPercentage -->
  <testcase name="onTestFailedWithTimeout" time="0.0" classname="org.testng.ITestListener">
    <failure type="org.testng.TestNGException" message="
Cannot inject @Test annotated Method [onTestFailedWithTimeout] with [interface org.testng.ITestResult].
For more information on native dependency injection please refer to https://testng.org/doc/documentation-main.html#native-dependency-injection">
      <![CDATA[org.testng.TestNGException: 
For more information on native dependency injection please refer to https://testng.org/doc/documentation-main.html#native-dependency-injection
at java.util.ArrayList.forEach(ArrayList.java:1259)
... Removed 27 stack frames]]>
    </failure>
  </testcase> <!-- onTestFailedWithTimeout -->
  <testcase name="onTestFailure" time="0.0" classname="org.testng.ITestListener">
    <failure type="org.testng.TestNGException" message="
Cannot inject @Test annotated Method [onTestFailure] with [interface org.testng.ITestResult].
For more information on native dependency injection please refer to https://testng.org/doc/documentation-main.html#native-dependency-injection">
      <![CDATA[org.testng.TestNGException: 
For more information on native dependency injection please refer to https://testng.org/doc/documentation-main.html#native-dependency-injection
at java.util.ArrayList.forEach(ArrayList.java:1259)
... Removed 27 stack frames]]>
    </failure>
  </testcase> <!-- onTestFailure -->
  <testcase name="onTestSkipped" time="0.0" classname="org.testng.ITestListener">
    <failure type="org.testng.TestNGException" message="
Cannot inject @Test annotated Method [onTestSkipped] with [interface org.testng.ITestResult].
For more information on native dependency injection please refer to https://testng.org/doc/documentation-main.html#native-dependency-injection">
      <![CDATA[org.testng.TestNGException: 
For more information on native dependency injection please refer to https://testng.org/doc/documentation-main.html#native-dependency-injection
at java.util.ArrayList.forEach(ArrayList.java:1259)
... Removed 27 stack frames]]>
    </failure>
  </testcase> <!-- onTestSkipped -->
  <testcase name="onTestStart" time="0.0" classname="org.testng.ITestListener">
    <failure type="org.testng.TestNGException" message="
Cannot inject @Test annotated Method [onTestStart] with [interface org.testng.ITestResult].
For more information on native dependency injection please refer to https://testng.org/doc/documentation-main.html#native-dependency-injection">
      <![CDATA[org.testng.TestNGException: 
For more information on native dependency injection please refer to https://testng.org/doc/documentation-main.html#native-dependency-injection
at java.util.ArrayList.forEach(ArrayList.java:1259)
... Removed 27 stack frames]]>
    </failure>
  </testcase> <!-- onTestStart -->
  <testcase name="onTestSuccess" time="0.0" classname="org.testng.ITestListener">
    <failure type="org.testng.TestNGException" message="
Cannot inject @Test annotated Method [onTestSuccess] with [interface org.testng.ITestResult].
For more information on native dependency injection please refer to https://testng.org/doc/documentation-main.html#native-dependency-injection">
      <![CDATA[org.testng.TestNGException: 
For more information on native dependency injection please refer to https://testng.org/doc/documentation-main.html#native-dependency-injection
at java.util.ArrayList.forEach(ArrayList.java:1259)
... Removed 27 stack frames]]>
    </failure>
  </testcase> <!-- onTestSuccess -->
  <testcase name="Test2" time="0.001" classname="ui.GroupsTest"/>
  <testcase name="Test1" time="0.003" classname="ui.GroupsTest">
    <failure type="java.lang.AssertionError" message="this is not I am looking for expected [true] but found [false]">
      <![CDATA[java.lang.AssertionError: this is not I am looking for expected [true] but found [false]
at ui.GroupsTest.Test1(GroupsTest.java:39)
at java.util.ArrayList.forEach(ArrayList.java:1259)
... Removed 30 stack frames]]>
    </failure>
  </testcase> <!-- Test1 -->
</testsuite> <!-- Listener testing -->
